   1.00000000000000     
   1.00000000000000     
   1.00000000000000     
   1.00000000000000     
   1.00000000000000     
   1.00000000000000     
   1.00000000000000     
   1.00000000000000     
   1.00000000000000     
   1.00000000000000     
   1.00000000000000     
   1.00000000000000     
   1.00000000000000     
   1.00000000000000     
   1.00000000000000     
   1.00000000000000     
   1.00000000000000     
   1.00000000000000     
   1.00000000000000     
   1.00000000000000     
   1.00000000000000     
   1.00000000000000     
   1.00000000000000     
   1.00000000000000     
   1.00000000000000     
   1.00000000000000     
   1.00000000000000     
   1.00000000000000     
   1.00000000000000     
   1.00000000000000     
   1.00000000000000     
   1.00000000000000     
   1.00000000000000     
   1.00000000000000     
   1.00000000000000     
   1.00000000000000     
   1.00000000000000     
   1.00000000000000     
   1.00000000000000     
   1.00000000000000     
   1.00000000000000     
   1.00000000000000     
   1.00000000000000     
   1.00000000000000     
   1.00000000000000     
   1.00000000000000     
   1.00000000000000     
   1.00000000000000     
   1.00000000000000     
   1.00000000000000     
   1.00000000000000     
   1.00000000000000     
   1.00000000000000     
   1.00000000000000     
   1.00000000000000     
   1.00000000000000     
   1.00000000000000     
   1.00000000000000     
   1.00000000000000     
   1.00000000000000     
   1.00000000000000     
   1.00000000000000     
   1.00000000000000     
   1.00000000000000     
   1.00000000000000     
   1.00000000000000     
   1.00000000000000     
   1.00000000000000     
   1.00000000000000     
   1.00000000000000     
   1.00000000000000     
   1.00000000000000     
   1.00000000000000     
   1.00000000000000     
   1.00000000000000     
   1.00000000000000     
   1.00000000000000     
   1.00000000000000     
   1.00000000000000     
   1.00000000000000     
   1.00000000000000     
   1.00000000000000     
   1.00000000000000     
   1.00000000000000     
   1.00000000000000     
   1.00000000000000     
   1.00000000000000     
   1.00000000000000     
   1.00000000000000     
   1.00000000000000     
   1.00000000000000     
   1.00000000000000     
   1.00000000000000     
   1.00000000000000     
   1.00000000000000     
   1.00000000000000     
   1.00000000000000     
   1.00000000000000     
   1.00000000000000     
   1.00000000000000     
   1.00000000000000     
   1.00000000000000     
   1.00000000000000     
   1.00000000000000     
   1.00000000000000     
   1.00000000000000     
   1.00000000000000     
   1.00000000000000     
   1.00000000000000     
   1.00000000000000     
   1.00000000000000     
   1.00000000000000     
   1.00000000000000     
   1.00000000000000     
   1.00000000000000     
   1.00000000000000     
   1.00000000000000     
   1.00000000000000     
   1.00000000000000     
   1.00000000000000     
   1.00000000000000     
   1.00000000000000     
   1.00000000000000     
   1.00000000000000     
   1.00000000000000     
   1.00000000000000     
   1.00000000000000     
   1.00000000000000     
   1.00000000000000     
   1.00000000000000     
   1.00000000000000     
   1.00000000000000     
   1.00000000000000     
   1.00000000000000     
   1.00000000000000     
   1.00000000000000     
   1.00000000000000     
   1.00000000000000     
   1.00000000000000     
   1.00000000000000     
   1.00000000000000     
   1.00000000000000     
   1.00000000000000     
   1.00000000000000     
   1.00000000000000     
   1.00000000000000     
   1.00000000000000     
  0.993501004328460     
  0.940560433474922     
  0.886643164442353     
  0.844988528807792     
  0.812802551847987     
  0.787423039447834     
  0.772284118802225     
  0.753030023980406     
  0.720719603010372     
  0.682783069544495     
  0.653874036840776     
  0.641669233453017     
  0.638069168991168     
  0.636336091235114     
  0.631941523612715     
  0.624209214021016     
  0.612400313953921     
  0.598509095917921     
  0.578695021659549     
  0.542564023274415     
  0.492162814120133     
  0.443320728264221     
  0.408628450029058     
  0.384696147581581     
  0.360453590536457     
  0.340288172731365     
  0.325429170824943     
  0.307785120981935     
  0.295197346803501     
  0.283265906614403     
  0.268728929335998     
  0.260141433422632     
  0.247149960393708     
  0.226749668817685     
  0.203496059496913     
  0.181826922411041     
  0.161082021844815     
  0.146901791735074     
  0.143401687018802     
  0.134007903509741     
  0.114252132475183     
  9.343873726382947E-002
  8.431011967165312E-002
  9.720153593509220E-002
  0.114619191316758     
  0.116108580318199     
  0.101888808680014     
  8.229537494894021E-002
  6.449202642388568E-002
  4.675276523822222E-002
  3.618091540530730E-002
  3.736469072613768E-002
  4.078814840078018E-002
  3.950761085285445E-002
  4.499337201375084E-002
  5.632635902844059E-002
  6.170543154818638E-002
  6.162820020236565E-002
  5.415745381950571E-002
  4.616702177652993E-002
  4.154236671452427E-002
  3.431762638006784E-002
  3.366361580793305E-002
  4.350265163094927E-002
  4.205136796373905E-002
  3.199707998919506E-002
  2.835468086854850E-002
  3.045733872752125E-002
  3.099426198760493E-002
  3.113882729129047E-002
  2.882013688501444E-002
  2.961928112692007E-002
  3.386138024309968E-002
  3.461475531928276E-002
  3.846656434838006E-002
  5.014634974623557E-002
  5.791230490887150E-002
  5.555335158596891E-002
  4.855081692928460E-002
  4.560863959351232E-002
  4.515458924648957E-002
  4.206762423091141E-002
  3.935518258401811E-002
  4.164242704575443E-002
  4.717509157660611E-002
  4.593851549983916E-002
  4.341415259947709E-002
  4.598920019339980E-002
  5.011469487773841E-002
  5.420942567135940E-002
  5.548954142959909E-002
  5.427214182840610E-002
  5.025157998507268E-002
  4.823151658158658E-002
  5.311412138039988E-002
  5.716831370528948E-002
  5.694034453827412E-002
  5.444814149704483E-002
  5.142611814461178E-002
  4.843101012009648E-002
  4.520312802944992E-002
  4.706490845692154E-002
  4.759338394652068E-002
  5.110342825266841E-002
  6.917530931885155E-002
  8.363082021427007E-002
  8.828351276067367E-002
  8.780521927304423E-002
  8.581671088845434E-002
  8.158508011150449E-002
  7.429845501728852E-002
  6.690349593859650E-002
  5.883541775969672E-002
  5.674774780457605E-002
  7.001664405324508E-002
  9.024872264854562E-002
  0.100452857207299     
  9.970653317742728E-002
  9.722137843108274E-002
  0.102919974110177     
  0.109997095594278     
  0.109722061854540     
  0.111659104221681     
  0.121897362959331     
  0.134965126449909     
  0.142496274839074     
  0.145747352447860     
  0.141611102915124     
  0.132771262847910     
  0.130322925633639     
  0.132958861878288     
  0.133237016396249     
  0.129591492625978     
  0.121141719642306     
  0.121302067446920     
  0.135722857045022     
  0.150323999966059     
  0.177573696617169     
  0.212302015108291     
  0.236533240656027     
  0.250791569239929     
  0.254385454269748     
  0.253003055481062     
  0.253456868870532     
  0.261721624803634     
  0.276707509571735     
  0.291899810270614     
  0.307085866066520     
  0.323140439331081     
  0.337936283710480     
  0.349270814341056     
  0.356808115452076     
  0.359321421207957     
  0.360043855491489     
  0.365801639574822     
  0.370914868075556     
  0.372774966549136     
  0.385312875108643     
  0.407948119994608     
  0.428737320888979     
  0.444781846873370     
  0.450388737584583     
  0.443548305388174     
  0.431579907085505     
  0.420167010918147     
  0.410139644640956     
  0.412629991727105     
  0.430832955732692     
  0.449234080223482     
  0.458537911053285     
  0.462692904331420     
  0.466401567504697     
  0.472637089167867     
  0.483990735138000     
  0.495267796913619     
  0.505821822826434     
  0.519070600842059     
  0.524481910010352     
  0.518066935740688     
  0.509365428693976     
  0.502279521329674     
  0.495854617443778     
  0.492698073302493     
  0.497589429465744     
  0.506050446097069     
  0.506964387271581     
  0.523354614530968     
  0.558708065393872     
  0.587716319012392     
  0.617661462583169     
  0.652914147357876     
  0.688470153923074     
  0.721199839027758     
  0.760112266384201     
  0.796343956715002     
  0.810941630273955     
  0.806918800045498     
  0.799084872602886     
  0.792034012761861     
  0.783032421821224     
  0.776666763950617     
  0.775191042122237     
  0.775711873670654     
  0.774700418500337     
  0.781939548799664     
  0.794129045805234     
  0.794182446894284     
  0.791085901576825     
  0.791338265612662     
  0.790752524274566     
  0.791185718800407     
  0.793580352473134     
  0.809792074287721     
  0.831111580998217     
  0.848936869622438     
  0.865205327893339     
  0.871830629909340     
  0.874305931329086     
  0.879658158722612     
  0.888790510227665     
  0.896514817519569     
  0.900742307619422     
  0.910692526964208     
  0.933883306150227     
  0.953471444943101     
  0.966094777763432     
  0.978855696092182     
  0.991329689391829     
   1.00000000000000     
   1.00000000000000     
   1.00000000000000     
   1.00000000000000     
   1.00000000000000     
   1.00000000000000     
   1.00000000000000     
   1.00000000000000     
   1.00000000000000     
   1.00000000000000     
   1.00000000000000     
   1.00000000000000     
   1.00000000000000     
   1.00000000000000     
   1.00000000000000     
   1.00000000000000     
   1.00000000000000     
   1.00000000000000     
   1.00000000000000     
   1.00000000000000     
   1.00000000000000     
   1.00000000000000     
   1.00000000000000     
   1.00000000000000     
   1.00000000000000     
   1.00000000000000     
   1.00000000000000     
   1.00000000000000     
   1.00000000000000     
   1.00000000000000     
   1.00000000000000     
   1.00000000000000     
   1.00000000000000     
   1.00000000000000     
   1.00000000000000     
   1.00000000000000     
   1.00000000000000     
   1.00000000000000     
   1.00000000000000     
   1.00000000000000     
   1.00000000000000     
   1.00000000000000     
   1.00000000000000     
   1.00000000000000     
   1.00000000000000     
   1.00000000000000     
   1.00000000000000     
   1.00000000000000     
   1.00000000000000     
   1.00000000000000     
   1.00000000000000     
   1.00000000000000     
   1.00000000000000     
   1.00000000000000     
   1.00000000000000     
   1.00000000000000     
   1.00000000000000     
   1.00000000000000     
   1.00000000000000     
   1.00000000000000     
   1.00000000000000     
   1.00000000000000     
   1.00000000000000     
   1.00000000000000     
   1.00000000000000     
   1.00000000000000     
   1.00000000000000     
   1.00000000000000     
   1.00000000000000     
   1.00000000000000     
   1.00000000000000     
   1.00000000000000     
   1.00000000000000     
   1.00000000000000     
   1.00000000000000     
   1.00000000000000     
   1.00000000000000     
   1.00000000000000     
   1.00000000000000     
   1.00000000000000     
   1.00000000000000     
   1.00000000000000     
   1.00000000000000     
   1.00000000000000     
   1.00000000000000     
   1.00000000000000     
   1.00000000000000     
   1.00000000000000     
   1.00000000000000     
   1.00000000000000     
   1.00000000000000     
   1.00000000000000     
   1.00000000000000     
   1.00000000000000     
   1.00000000000000     
   1.00000000000000     
   1.00000000000000     
   1.00000000000000     
   1.00000000000000     
   1.00000000000000     
   1.00000000000000     
   1.00000000000000     
   1.00000000000000     
   1.00000000000000     
   1.00000000000000     
   1.00000000000000     
   1.00000000000000     
   1.00000000000000     
   1.00000000000000     
   1.00000000000000     
   1.00000000000000     
   1.00000000000000     
   1.00000000000000     
   1.00000000000000     
   1.00000000000000     
   1.00000000000000     
   1.00000000000000     
   1.00000000000000     
   1.00000000000000     
   1.00000000000000     
   1.00000000000000     
   1.00000000000000     
   1.00000000000000     
   1.00000000000000     
   1.00000000000000     
   1.00000000000000     
   1.00000000000000     
   1.00000000000000     
   1.00000000000000     
   1.00000000000000     
   1.00000000000000     
   1.00000000000000     
   1.00000000000000     
   1.00000000000000     
   1.00000000000000     
   1.00000000000000     
   1.00000000000000     
  0.981094980254573     
  0.928413825317430     
  0.874766028803077     
  0.833384397067109     
  0.801474292872442     
  0.776372549555208     
  0.761511361330794     
  0.742533775589645     
  0.710503461048114     
  0.672854690955529     
  0.644236447729198     
  0.632322311166066     
  0.629009804205658     
  0.627557238808903     
  0.623434765021505     
  0.615967586525141     
  0.604418618193237     
  0.590783996603219     
  0.571224792810585     
  0.535355287887202     
  0.485235614644477     
  0.436691713021584     
  0.402302297387657     
  0.378675691391023     
  0.354742041241954     
  0.334886792953634     
  0.320336109543433     
  0.302996413151482     
  0.290709284671373     
  0.279071012837378     
  0.264819508664642     
  0.256511261326034     
  0.243787384765737     
  0.223650181938750     
  0.200662197715630     
  0.179261358337774     
  0.158786239444517     
  0.144872307160672     
  0.141629465840247     
  0.132463564999108     
  0.112923505242007     
  9.232671212852817E-002
  8.340819011813239E-002
  9.651543450117088E-002
  0.114082354688443     
  0.115658502578120     
  0.101508941604344     
  8.198369188095572E-002
  6.424757229405394E-002
  4.657374622515584E-002
  3.606191115675354E-002
  3.729810120621607E-002
  4.075114856822337E-002
  3.948494386165573E-002
  4.498064783200199E-002
  5.631914090281006E-002
  6.170051617716325E-002
  6.162465197570260E-002
  5.415485763770524E-002
  4.616519871888700E-002
  4.154116678683626E-002
  3.431686625675810E-002
  3.366319488185637E-002
  4.350246393327847E-002
  4.205124920074710E-002
  3.199700431320159E-002
  2.835463950199960E-002
  3.045731977072079E-002
  3.099425246848239E-002
  3.113882241810961E-002
  2.882013429880272E-002
  2.961927988972955E-002
  3.386137968294870E-002
  3.461475501698315E-002
  3.846656419025096E-002
  5.014634966838969E-002
  5.791230485959666E-002
  5.555335155091385E-002
  4.855081690447537E-002
  4.560863957694171E-002
  4.515458923583711E-002
  4.206762422400265E-002
  3.935518257968402E-002
  4.164242704322968E-002
  4.717509157513911E-002
  4.593851549887793E-002
  4.341415259885058E-002
  4.598920019301520E-002
  5.011469487749826E-002
  5.420942567120287E-002
  5.548954142949187E-002
  5.427214182833124E-002
  5.025157998502035E-002
  4.823151658155126E-002
  5.311412138037738E-002
  5.716831370527446E-002
  5.694034453826351E-002
  5.444814149703729E-002
  5.142611814460657E-002
  4.843101012009291E-002
  4.520312802944750E-002
  4.706490845692001E-002
  4.759338394651973E-002
  5.110342825266784E-002
  6.917530931885124E-002
  8.363082021426989E-002
  8.828351276067348E-002
  8.780521927304406E-002
  8.581671088845430E-002
  8.158508011150449E-002
  7.429845501728852E-002
  6.690349593859650E-002
  5.883541775969672E-002
  5.674774780457605E-002
  7.001664405324508E-002
  9.024872264854562E-002
  0.100452857207299     
  9.970653317742728E-002
  9.722137843108274E-002
  0.102919974110177     
  0.109997095594278     
  0.109722061854540     
  0.111659104221681     
  0.121897362959331     
  0.134965126449909     
  0.142496274839074     
  0.145747352447860     
  0.141611102915124     
  0.132771262847910     
  0.130322925633639     
  0.132958861878288     
  0.133237016396249     
  0.129591492625978     
  0.121141719642306     
  0.121302067446920     
  0.135722857045022     
  0.150323999966059     
  0.177573696617169     
  0.212302015108291     
  0.236533240656027     
  0.250791569239929     
  0.254385454269748     
  0.253003055481062     
  0.253456868870532     
  0.261721624803634     
  0.276707509571735     
  0.291899810270614     
  0.307085866066520     
  0.323140439331081     
  0.337936283710480     
  0.349270814341056     
  0.356808115452076     
  0.359321421207957     
  0.360043855491489     
  0.365801639574822     
  0.370914868075556     
  0.372774966549136     
  0.385312875108643     
  0.407948119994608     
  0.428737320888979     
  0.444781846873370     
  0.450388737584583     
  0.443548305388174     
  0.431579907085505     
  0.420167010918147     
  0.410139644640956     
  0.412629991727105     
  0.430832955732692     
  0.449234080223482     
  0.458537911053285     
  0.462692904331420     
  0.466401567504697     
  0.472637089167867     
  0.483990735138000     
  0.495267796913619     
  0.505821822826434     
  0.519070600842059     
  0.524481910010352     
  0.518066935740688     
  0.509365428693976     
  0.502279521329674     
  0.495854617443778     
  0.492698073302493     
  0.497589429465744     
  0.506050446097069     
  0.506964387271581     
  0.523354614530968     
  0.558708065393872     
  0.587716319012392     
  0.617661462583169     
  0.652914147357876     
  0.688470153923074     
  0.721199839027758     
  0.760112266384201     
  0.796343956715002     
  0.810941630273955     
  0.806918800045498     
  0.799084872602886     
  0.792034012761861     
  0.783032421821224     
  0.776666763950617     
  0.775191042122237     
  0.775711873670654     
  0.774700418500337     
  0.781939548799664     
  0.794129045805234     
  0.794182446894284     
  0.791085901576825     
  0.791338265612662     
  0.790752524274566     
  0.791185718800407     
  0.793580352473134     
  0.809792074287721     
  0.831111580998217     
  0.848936869622438     
  0.865205327893339     
  0.871830629909340     
  0.874305931329086     
  0.876173241461117     
  0.878095358297537     
  0.876878173811938     
  0.869486789244423     
  0.861813703871397     
  0.860959083217277     
  0.864107657676652     
  0.873514687633876     
  0.899318843451510     
  0.937358398682575     
  0.959944288380689     
  0.976458233240092     
   1.00000000000000     
   1.00000000000000     
   1.00000000000000     
   1.00000000000000     
   1.00000000000000     
   1.00000000000000     
   1.00000000000000     
   1.00000000000000     
   1.00000000000000     
   1.00000000000000     
   1.00000000000000     
   1.00000000000000     
   1.00000000000000     
   1.00000000000000     
   1.00000000000000     
   1.00000000000000     
   1.00000000000000     
   1.00000000000000     
   1.00000000000000     
   1.00000000000000     
   1.00000000000000     
   1.00000000000000     
   1.00000000000000     
   1.00000000000000     
   1.00000000000000     
   1.00000000000000     
   1.00000000000000     
   1.00000000000000     
   1.00000000000000     
   1.00000000000000     
   1.00000000000000     
   1.00000000000000     
   1.00000000000000     
   1.00000000000000     
   1.00000000000000     
   1.00000000000000     
   1.00000000000000     
   1.00000000000000     
   1.00000000000000     
   1.00000000000000     
   1.00000000000000     
   1.00000000000000     
   1.00000000000000     
   1.00000000000000     
   1.00000000000000     
   1.00000000000000     
   1.00000000000000     
   1.00000000000000     
   1.00000000000000     
   1.00000000000000     
   1.00000000000000     
   1.00000000000000     
   1.00000000000000     
   1.00000000000000     
   1.00000000000000     
   1.00000000000000     
   1.00000000000000     
   1.00000000000000     
   1.00000000000000     
   1.00000000000000     
   1.00000000000000     
   1.00000000000000     
   1.00000000000000     
   1.00000000000000     
   1.00000000000000     
   1.00000000000000     
   1.00000000000000     
   1.00000000000000     
   1.00000000000000     
   1.00000000000000     
   1.00000000000000     
   1.00000000000000     
   1.00000000000000     
   1.00000000000000     
   1.00000000000000     
   1.00000000000000     
   1.00000000000000     
   1.00000000000000     
   1.00000000000000     
   1.00000000000000     
   1.00000000000000     
   1.00000000000000     
   1.00000000000000     
   1.00000000000000     
   1.00000000000000     
   1.00000000000000     
   1.00000000000000     
   1.00000000000000     
   1.00000000000000     
   1.00000000000000     
   1.00000000000000     
   1.00000000000000     
   1.00000000000000     
   1.00000000000000     
   1.00000000000000     
   1.00000000000000     
   1.00000000000000     
   1.00000000000000     
   1.00000000000000     
   1.00000000000000     
   1.00000000000000     
   1.00000000000000     
   1.00000000000000     
   1.00000000000000     
   1.00000000000000     
   1.00000000000000     
   1.00000000000000     
   1.00000000000000     
   1.00000000000000     
   1.00000000000000     
   1.00000000000000     
   1.00000000000000     
   1.00000000000000     
   1.00000000000000     
   1.00000000000000     
   1.00000000000000     
   1.00000000000000     
   1.00000000000000     
   1.00000000000000     
   1.00000000000000     
   1.00000000000000     
   1.00000000000000     
   1.00000000000000     
   1.00000000000000     
   1.00000000000000     
   1.00000000000000     
   1.00000000000000     
   1.00000000000000     
   1.00000000000000     
   1.00000000000000     
   1.00000000000000     
   1.00000000000000     
   1.00000000000000     
   1.00000000000000     
  0.990598585431347     
  0.976679108002991     
  0.951481878265666     
  0.906058018918903     
  0.853753854944245     
  0.817375697133200     
  0.800970100291101     
  0.791488864006598     
  0.781586930843685     
  0.776863907218447     
  0.772710098748414     
  0.758791998692095     
  0.736169722922894     
  0.705615275358762     
  0.668507433173156     
  0.630078837146456     
  0.586789165607054     
  0.538066270543568     
  0.494635989064837     
  0.452704996012943     
  0.415165431625968     
  0.388783554744950     
  0.363095353740075     
  0.340606289109053     
  0.325530859853262     
  0.312049841035268     
  0.303816680332750     
  0.293120518168444     
  0.273260734413348     
  0.250517228342650     
  0.223910181940201     
  0.199436617577529     
  0.197619666222975     
  0.210212970598124     
  0.217092184319175     
  0.223938120011043     
  0.227243313122523     
  0.221674971073895     
  0.214251814072730     
  0.202460366609033     
  0.189082393337052     
  0.170213159158777     
  0.148673016688501     
  0.138874400888972     
  0.131994112572467     
  0.130121070095112     
  0.135541809192794     
  0.141369113630462     
  0.148023993932396     
  0.152400482252269     
  0.150020846661885     
  0.139332025897739     
  0.128744534096587     
  0.129962498346889     
  0.137775779522337     
  0.137455911980240     
  0.127046100014668     
  0.110966414524982     
  9.420235342398300E-002
  7.955659305789263E-002
  6.687652745642214E-002
  6.276719139333456E-002
  6.337801098721951E-002
  5.765958885211765E-002
  4.626208134265442E-002
  3.595526292402903E-002
  2.802312485977704E-002
  2.407107499194570E-002
  2.976798889377480E-002
  3.703998173714874E-002
  4.079472104198313E-002
  4.319566277235866E-002
  4.538425434831469E-002
  4.865821839588155E-002
  5.164578095710253E-002
  5.200590064783473E-002
  4.877395987305223E-002
  4.282251787664023E-002
  4.133209355953483E-002
  4.395129294878610E-002
  4.660701144558187E-002
  5.215531932841070E-002
  5.912111462580762E-002
  6.931486593607764E-002
  7.992466185327320E-002
  8.454338122077751E-002
  8.305654234503501E-002
  7.661194402395619E-002
  6.680702313139965E-002
  6.014960496343127E-002
  5.968531224763619E-002
  6.064455924575295E-002
  5.695136973838031E-002
  5.082283802351439E-002
  5.086514377529824E-002
  5.348232459144190E-002
  5.402839183474826E-002
  5.579671849801045E-002
  5.054687786601963E-002
  4.439163606073741E-002
  4.861562041085135E-002
  4.979823141249418E-002
  3.806969126848786E-002
  2.912822569720912E-002
  3.799441376604942E-002
  5.518606979656517E-002
  7.017925833959168E-002
  8.233572926201731E-002
  0.100515715790301     
  0.115859918474279     
  0.124430231075415     
  0.139584016752957     
  0.148128226175166     
  0.142887247938707     
  0.129680826229385     
  0.113227746863624     
  0.107834419836818     
  0.106725618044840     
  0.100407885605549     
  9.293350254208876E-002
  8.260642456052067E-002
  7.301687176955478E-002
  7.648280888816363E-002
  9.098539535035306E-002
  0.100120987355538     
  0.105310048722060     
  0.101517065630815     
  9.464648988471752E-002
  9.361407890828916E-002
  9.284486211180144E-002
  8.779105867526878E-002
  8.612306471551968E-002
  9.278957588972596E-002
  9.328567346877985E-002
  8.889225034218008E-002
  9.371254104153967E-002
  0.108932598847605     
  0.132656482520035     
  0.159098379105431     
  0.177746743471538     
  0.186699469805220     
  0.191742574909651     
  0.196008328703703     
  0.194687771076052     
  0.187493628961883     
  0.177889100929460     
  0.169952740848168     
  0.164191459789990     
  0.164052062288206     
  0.170879570738270     
  0.184203120903163     
  0.202057887852040     
  0.210765835714463     
  0.215705569567483     
  0.228614456748808     
  0.236286980934875     
  0.233451249595211     
  0.227827906013452     
  0.232983797258691     
  0.243574741651230     
  0.246496747837360     
  0.251648194068301     
  0.260646449375755     
  0.278588800765486     
  0.306043758259976     
  0.331268949755745     
  0.347170612086935     
  0.357577412362459     
  0.361771274260578     
  0.358610205445971     
  0.352211107804649     
  0.345531510826289     
  0.354512169239389     
  0.378148655410468     
  0.402415826502094     
  0.424410644245328     
  0.435442720392971     
  0.438622178658543     
  0.449570714545152     
  0.477803352199270     
  0.511534121081792     
  0.534956365362963     
  0.545476750859898     
  0.554979857251784     
  0.580239828824936     
  0.613621391219827     
  0.645730068774386     
  0.687307585623840     
  0.734770584336809     
  0.764418498923841     
  0.787291095829241     
  0.819224741630222     
  0.857105145755359     
  0.895104686451566     
  0.923705344878830     
  0.955092971034779     
  0.990086874462939     
   1.00000000000000     
   1.00000000000000     
   1.00000000000000     
   1.00000000000000     
   1.00000000000000     
   1.00000000000000     
   1.00000000000000     
   1.00000000000000     
   1.00000000000000     
   1.00000000000000     
   1.00000000000000     
   1.00000000000000     
   1.00000000000000     
   1.00000000000000     
   1.00000000000000     
   1.00000000000000     
   1.00000000000000     
   1.00000000000000     
   1.00000000000000     
   1.00000000000000     
   1.00000000000000     
   1.00000000000000     
   1.00000000000000     
   1.00000000000000     
   1.00000000000000     
   1.00000000000000     
   1.00000000000000     
   1.00000000000000     
   1.00000000000000     
   1.00000000000000     
   1.00000000000000     
   1.00000000000000     
   1.00000000000000     
   1.00000000000000     
   1.00000000000000     
   1.00000000000000     
   1.00000000000000     
   1.00000000000000     
   1.00000000000000     
   1.00000000000000     
   1.00000000000000     
   1.00000000000000     
   1.00000000000000     
   1.00000000000000     
   1.00000000000000     
   1.00000000000000     
   1.00000000000000     
   1.00000000000000     
   1.00000000000000     
   1.00000000000000     
   1.00000000000000     
   1.00000000000000     
   1.00000000000000     
   1.00000000000000     
   1.00000000000000     
   1.00000000000000     
   1.00000000000000     
   1.00000000000000     
   1.00000000000000     
   1.00000000000000     
   1.00000000000000     
   1.00000000000000     
   1.00000000000000     
   1.00000000000000     
   1.00000000000000     
   1.00000000000000     
   1.00000000000000     
   1.00000000000000     
   1.00000000000000     
   1.00000000000000     
   1.00000000000000     
   1.00000000000000     
   1.00000000000000     
   1.00000000000000     
   1.00000000000000     
   1.00000000000000     
   1.00000000000000     
   1.00000000000000     
   1.00000000000000     
   1.00000000000000     
   1.00000000000000     
   1.00000000000000     
   1.00000000000000     
   1.00000000000000     
   1.00000000000000     
   1.00000000000000     
   1.00000000000000     
   1.00000000000000     
   1.00000000000000     
   1.00000000000000     
   1.00000000000000     
   1.00000000000000     
   1.00000000000000     
   1.00000000000000     
   1.00000000000000     
   1.00000000000000     
   1.00000000000000     
   1.00000000000000     
   1.00000000000000     
   1.00000000000000     
   1.00000000000000     
   1.00000000000000     
   1.00000000000000     
   1.00000000000000     
   1.00000000000000     
   1.00000000000000     
   1.00000000000000     
   1.00000000000000     
   1.00000000000000     
   1.00000000000000     
   1.00000000000000     
   1.00000000000000     
   1.00000000000000     
   1.00000000000000     
   1.00000000000000     
   1.00000000000000     
   1.00000000000000     
   1.00000000000000     
   1.00000000000000     
   1.00000000000000     
   1.00000000000000     
   1.00000000000000     
   1.00000000000000     
   1.00000000000000     
   1.00000000000000     
   1.00000000000000     
   1.00000000000000     
   1.00000000000000     
   1.00000000000000     
   1.00000000000000     
   1.00000000000000     
   1.00000000000000     
   1.00000000000000     
   1.00000000000000     
   1.00000000000000     
   1.00000000000000     
   1.00000000000000     
   1.00000000000000     
   1.00000000000000     
   1.00000000000000     
   1.00000000000000     
   1.00000000000000     
   1.00000000000000     
   1.00000000000000     
   1.00000000000000     
   1.00000000000000     
   1.00000000000000     
   1.00000000000000     
   1.00000000000000     
   1.00000000000000     
   1.00000000000000     
   1.00000000000000     
   1.00000000000000     
   1.00000000000000     
   1.00000000000000     
   1.00000000000000     
   1.00000000000000     
   1.00000000000000     
   1.00000000000000     
   1.00000000000000     
   1.00000000000000     
   1.00000000000000     
   1.00000000000000     
   1.00000000000000     
   1.00000000000000     
   1.00000000000000     
   1.00000000000000     
   1.00000000000000     
   1.00000000000000     
   1.00000000000000     
   1.00000000000000     
   1.00000000000000     
   1.00000000000000     
   1.00000000000000     
   1.00000000000000     
   1.00000000000000     
   1.00000000000000     
   1.00000000000000     
   1.00000000000000     
   1.00000000000000     
   1.00000000000000     
   1.00000000000000     
  0.985236560379994     
  0.967399652307790     
  0.963657935873844     
  0.955027691981785     
  0.929534182267264     
  0.894610841546344     
  0.862861751880171     
  0.839347113972639     
  0.825242624152617     
  0.814991139522945     
  0.800612145450683     
  0.777032331193081     
  0.746903829985551     
  0.720182405563458     
  0.703966538081641     
  0.681069931891544     
  0.640885046673753     
  0.604756827244960     
  0.580812275655676     
  0.553245685854642     
  0.530732676630799     
  0.514256159905177     
  0.483029752107095     
  0.448818783864147     
  0.430554080235560     
  0.413555111547456     
  0.383529116813537     
  0.347008953169911     
  0.322506601855651     
  0.312649051376933     
  0.301500132820470     
  0.292647036520409     
  0.293643873547506     
  0.283468820093191     
  0.262186003039451     
  0.248894282391075     
  0.233180552665354     
  0.213950278949029     
  0.200568986643689     
  0.189798674760222     
  0.185761038498271     
  0.187456477047447     
  0.187246985531239     
  0.184553308353626     
  0.177604915652389     
  0.164409949319072     
  0.144414599353602     
  0.126229474138869     
  0.114084915081025     
  0.106985930501607     
  0.102521605533495     
  9.403077339986127E-002
  8.806445202161022E-002
  8.878790409671367E-002
  8.956819375860350E-002
  8.450463925708504E-002
  7.416111522601340E-002
  6.557205933068974E-002
  5.962758014504588E-002
  5.893408076095311E-002
  6.099623969702660E-002
  6.514386666526559E-002
  7.416408463472722E-002
  7.817628504151265E-002
  7.651650073554452E-002
  7.430073317980267E-002
  7.226108153044396E-002
  6.874834794461340E-002
  6.223378707477586E-002
  5.143952083195422E-002
  4.450787945591293E-002
  5.210493356940200E-002
  5.886841832118352E-002
  5.594640198491484E-002
  5.007076059316988E-002
  4.530725291271934E-002
  4.933379334967970E-002
  5.750190817111670E-002
  6.109983655523655E-002
  6.028264249190934E-002
  5.681245936330109E-002
  5.455070091299812E-002
  5.359493616476378E-002
  4.964685969541422E-002
  4.081498865584329E-002
  3.173449605429194E-002
  3.359780633838535E-002
  4.874573503958896E-002
  6.092211261232445E-002
  6.824506032369994E-002
  7.170763159392472E-002
  7.698025420680285E-002
  8.514694658013995E-002
  8.689257985785294E-002
  8.184904907133222E-002
  7.771958696938132E-002
  7.568718239902300E-002
  7.722515806780002E-002
  8.783603908074707E-002
  9.462947175123369E-002
  9.180060273165669E-002
  9.299807336016740E-002
  9.035402768892936E-002
  8.396453928729208E-002
  8.747969865142015E-002
  8.950306323440527E-002
  8.274723380357842E-002
  7.287911686624661E-002
  6.736585807381766E-002
  6.437566503176398E-002
  6.049322489440945E-002
  6.882681072189221E-002
  8.326404421572477E-002
  9.240950615150212E-002
  0.107656370600634     
  0.125630861280595     
  0.143944996487415     
  0.161179416771034     
  0.170983043907381     
  0.174268035251639     
  0.171227373176026     
  0.166513385954552     
  0.161610289078853     
  0.158134315602348     
  0.156209639799559     
  0.146418643055608     
  0.129127360163445     
  0.122534292023234     
  0.127927947219056     
  0.137097735600738     
  0.149674043718022     
  0.159780280241345     
  0.163414027729516     
  0.165295795188219     
  0.178763121306456     
  0.199247917701150     
  0.211736585853579     
  0.215394682948221     
  0.216944350214204     
  0.218765477546147     
  0.229424438427019     
  0.249911430508125     
  0.272190959696502     
  0.283040047666614     
  0.277396115005608     
  0.276455455368992     
  0.283882733964996     
  0.284597155913636     
  0.272652970548278     
  0.252669158158625     
  0.234174957806573     
  0.222630423446912     
  0.226472645647176     
  0.252488206158622     
  0.286354368454626     
  0.315115305395008     
  0.335206334460572     
  0.342605062813377     
  0.344977027141835     
  0.356525888333967     
  0.383283744246369     
  0.418149894890338     
  0.453843010159441     
  0.483653863273921     
  0.512990487558754     
  0.553312567309186     
  0.595320608491007     
  0.621942973861786     
  0.632751944495020     
  0.639488573819752     
  0.647793833875213     
  0.660124635191939     
  0.674285708289766     
  0.686108264321080     
  0.698523731548111     
  0.717157396471758     
  0.738525362792397     
  0.757857444667683     
  0.785572167210028     
  0.823223922641573     
  0.860443635857188     
  0.900652492300901     
  0.939747283541184     
  0.969750166629965     
   1.00000000000000     
   1.00000000000000     
   1.00000000000000     
   1.00000000000000     
   1.00000000000000     
   1.00000000000000     
   1.00000000000000     
   1.00000000000000     
   1.00000000000000     
   1.00000000000000     
   1.00000000000000     
   1.00000000000000     
   1.00000000000000     
   1.00000000000000     
   1.00000000000000     
   1.00000000000000     
   1.00000000000000     
   1.00000000000000     
   1.00000000000000     
   1.00000000000000     
   1.00000000000000     
   1.00000000000000     
   1.00000000000000     
   1.00000000000000     
   1.00000000000000     
   1.00000000000000     
   1.00000000000000     
   1.00000000000000     
   1.00000000000000     
   1.00000000000000     
   1.00000000000000     
   1.00000000000000     
   1.00000000000000     
   1.00000000000000     
   1.00000000000000     
   1.00000000000000     
   1.00000000000000     
   1.00000000000000     
   1.00000000000000     
   1.00000000000000     
   1.00000000000000     
   1.00000000000000     
   1.00000000000000     
   1.00000000000000     
   1.00000000000000     
   1.00000000000000     
   1.00000000000000     
   1.00000000000000     
   1.00000000000000     
   1.00000000000000     
   1.00000000000000     
   1.00000000000000     
   1.00000000000000     
   1.00000000000000     
   1.00000000000000     
   1.00000000000000     
   1.00000000000000     
   1.00000000000000     
   1.00000000000000     
   1.00000000000000     
   1.00000000000000     
   1.00000000000000     
   1.00000000000000     
   1.00000000000000     
   1.00000000000000     
   1.00000000000000     
   1.00000000000000     
   1.00000000000000     
   1.00000000000000     
   1.00000000000000     
   1.00000000000000     
   1.00000000000000     
   1.00000000000000     
   1.00000000000000     
   1.00000000000000     
   1.00000000000000     
   1.00000000000000     
   1.00000000000000     
   1.00000000000000     
   1.00000000000000     
   1.00000000000000     
   1.00000000000000     
   1.00000000000000     
   1.00000000000000     
   1.00000000000000     
   1.00000000000000     
   1.00000000000000     
   1.00000000000000     
   1.00000000000000     
   1.00000000000000     
   1.00000000000000     
   1.00000000000000     
   1.00000000000000     
   1.00000000000000     
   1.00000000000000     
   1.00000000000000     
   1.00000000000000     
   1.00000000000000     
   1.00000000000000     
   1.00000000000000     
   1.00000000000000     
   1.00000000000000     
   1.00000000000000     
   1.00000000000000     
   1.00000000000000     
   1.00000000000000     
   1.00000000000000     
   1.00000000000000     
   1.00000000000000     
   1.00000000000000     
   1.00000000000000     
   1.00000000000000     
   1.00000000000000     
   1.00000000000000     
   1.00000000000000     
   1.00000000000000     
   1.00000000000000     
   1.00000000000000     
   1.00000000000000     
   1.00000000000000     
   1.00000000000000     
   1.00000000000000     
   1.00000000000000     
   1.00000000000000     
   1.00000000000000     
   1.00000000000000     
   1.00000000000000     
   1.00000000000000     
   1.00000000000000     
   1.00000000000000     
   1.00000000000000     
   1.00000000000000     
   1.00000000000000     
   1.00000000000000     
   1.00000000000000     
   1.00000000000000     
   1.00000000000000     
   1.00000000000000     
   1.00000000000000     
   1.00000000000000     
   1.00000000000000     
   1.00000000000000     
   1.00000000000000     
   1.00000000000000     
   1.00000000000000     
   1.00000000000000     
   1.00000000000000     
   1.00000000000000     
   1.00000000000000     
   1.00000000000000     
   1.00000000000000     
   1.00000000000000     
   1.00000000000000     
   1.00000000000000     
   1.00000000000000     
   1.00000000000000     
   1.00000000000000     
   1.00000000000000     
   1.00000000000000     
   1.00000000000000     
   1.00000000000000     
   1.00000000000000     
   1.00000000000000     
   1.00000000000000     
   1.00000000000000     
   1.00000000000000     
   1.00000000000000     
   1.00000000000000     
   1.00000000000000     
   1.00000000000000     
   1.00000000000000     
  0.981747683935280     
  0.959391438997761     
  0.936674848668178     
  0.916465378261282     
  0.897419951489031     
  0.875826308638488     
  0.852488512101452     
  0.829436543950390     
  0.804969078961652     
  0.779383790747414     
  0.753192755773908     
  0.727735419043279     
  0.703379750891360     
  0.679137080586528     
  0.654496748189676     
  0.629431295169383     
  0.604208438839782     
  0.578366620285306     
  0.552708267214110     
  0.527879926716935     
  0.503392632630798     
  0.477913226102849     
  0.453990414875070     
  0.435068551130253     
  0.418323433223759     
  0.401814777325902     
  0.386413334644173     
  0.370379963785014     
  0.351800684826013     
  0.333076042826725     
  0.315812874772156     
  0.298851878778735     
  0.282399364422576     
  0.266704708278346     
  0.251757899158947     
  0.238178328844249     
  0.225742445660487     
  0.213502076142810     
  0.201608545244220     
  0.191382731734587     
  0.182397946512550     
  0.171684748752522     
  0.159295501367494     
  0.147750902811143     
  0.138536269763247     
  0.131831712979278     
  0.126883604023024     
  0.122200226178262     
  0.115274305852903     
  0.107130674257706     
  9.946519842945098E-002
  9.280675259349598E-002
  8.823684596291914E-002
  8.493758178822290E-002
  8.247387333323089E-002
  8.019482217296132E-002
  7.585444733656040E-002
  7.122550093037262E-002
  6.492857531411188E-002
  6.107580115974489E-002
  6.659000767168026E-002
  7.229804804059292E-002
  7.705731125136205E-002
  8.133286742986795E-002
  8.406567077154802E-002
  8.512236431062004E-002
  8.358433911467621E-002
  8.414325284671451E-002
  8.660471314000598E-002
  8.695066855527081E-002
  8.616412707373240E-002
  8.260333863022068E-002
  7.677224450042588E-002
  7.780485107221737E-002
  7.444685645403577E-002
  5.956900619446465E-002
  4.789309478422121E-002
  4.064391185366350E-002
  3.446711359435954E-002
  3.176098525566457E-002
  3.468539446493629E-002
  4.280589379367610E-002
  4.989375957668252E-002
  5.990448600995358E-002
  7.431582605100404E-002
  8.705816364705905E-002
  9.019998260783671E-002
  8.327360885325419E-002
  8.109628242518326E-002
  8.551532433760352E-002
  8.672389816539650E-002
  9.030763987095046E-002
  9.755779475877870E-002
  0.100198100513133     
  9.544033451725906E-002
  8.861466463939667E-002
  8.217142443030621E-002
  7.496893174193034E-002
  6.869210798993858E-002
  6.242263611728063E-002
  5.461262456546976E-002
  4.993893992074323E-002
  4.743484495929869E-002
  4.282826986296646E-002
  3.885994825134088E-002
  3.617084722253135E-002
  3.682489396871830E-002
  3.879135028418591E-002
  4.057041272164225E-002
  4.900295570564010E-002
  5.560157793177039E-002
  5.997783315863317E-002
  6.761629430407125E-002
  6.727349264368016E-002
  6.383785547871487E-002
  6.213537446691882E-002
  5.920587649581271E-002
  5.761791479171782E-002
  5.761355546550037E-002
  5.807692991992609E-002
  5.738295330931598E-002
  6.221820888177763E-002
  8.438997674885883E-002
  0.115836601006171     
  0.139254848495797     
  0.153894155646294     
  0.163605813396315     
  0.169573648128734     
  0.173437054137299     
  0.176959744614300     
  0.183165721238577     
  0.187363251729065     
  0.191927703824913     
  0.206316232733237     
  0.226531372216073     
  0.245831975766385     
  0.263339842877819     
  0.279694550985660     
  0.297881256271882     
  0.316583939761637     
  0.330527233495997     
  0.335601451259787     
  0.329251522600784     
  0.323608401796998     
  0.326557630543468     
  0.337359448124369     
  0.351143476913398     
  0.362756821518018     
  0.371764187438458     
  0.375972125175982     
  0.374656817035828     
  0.369995968691714     
  0.363694885980198     
  0.352239424855057     
  0.342859719176499     
  0.343618547862797     
  0.345871532063116     
  0.352384731297811     
  0.362208648573917     
  0.370597599880540     
  0.380248828111608     
  0.378026628043741     
  0.364662790551224     
  0.354001185319538     
  0.348255023338314     
  0.344792848234758     
  0.341564550928042     
  0.336306799025509     
  0.330484417828711     
  0.331180858099565     
  0.336604845312855     
  0.341538493454503     
  0.346025410580883     
  0.347421991943346     
  0.346490046771526     
  0.346897015974231     
  0.346541571930901     
  0.343064801801190     
  0.340830420397113     
  0.340793942373216     
  0.346712087467065     
  0.365504348126988     
  0.385069453989201     
  0.399102382165291     
  0.412064284986649     
  0.424120601503563     
  0.435609082533877     
  0.456177936916784     
  0.488578401403792     
  0.523102868420936     
  0.557633778247476     
  0.588527476600755     
  0.619550692826952     
  0.649953852761037     
  0.688066172850576     
  0.739367173182844     
  0.780751691585822     
  0.807821885908973     
  0.836703190148071     
  0.875002945111960     
  0.918592333724725     
  0.954010865694885     
  0.972496609392090     
  0.985955113621591     
   1.00000000000000     
   1.00000000000000     
   1.00000000000000     
   1.00000000000000     
   1.00000000000000     
   1.00000000000000     
   1.00000000000000     
   1.00000000000000     
   1.00000000000000     
   1.00000000000000     
   1.00000000000000     
   1.00000000000000     
   1.00000000000000     
   1.00000000000000     
   1.00000000000000     
   1.00000000000000     
   1.00000000000000     
   1.00000000000000     
   1.00000000000000     
   1.00000000000000     
   1.00000000000000     
   1.00000000000000     
   1.00000000000000     
   1.00000000000000     
   1.00000000000000     
   1.00000000000000     
   1.00000000000000     
   1.00000000000000     
   1.00000000000000     
   1.00000000000000     
   1.00000000000000     
   1.00000000000000     
   1.00000000000000     
   1.00000000000000     
   1.00000000000000     
   1.00000000000000     
   1.00000000000000     
   1.00000000000000     
   1.00000000000000     
   1.00000000000000     
   1.00000000000000     
   1.00000000000000     
   1.00000000000000     
   1.00000000000000     
   1.00000000000000     
   1.00000000000000     
   1.00000000000000     
   1.00000000000000     
   1.00000000000000     
   1.00000000000000     
   1.00000000000000     
   1.00000000000000     
   1.00000000000000     
   1.00000000000000     
   1.00000000000000     
   1.00000000000000     
   1.00000000000000     
   1.00000000000000     
   1.00000000000000     
   1.00000000000000     
   1.00000000000000     
   1.00000000000000     
   1.00000000000000     
   1.00000000000000     
   1.00000000000000     
   1.00000000000000     
   1.00000000000000     
   1.00000000000000     
   1.00000000000000     
   1.00000000000000     
   1.00000000000000     
   1.00000000000000     
   1.00000000000000     
   1.00000000000000     
   1.00000000000000     
   1.00000000000000     
   1.00000000000000     
   1.00000000000000     
   1.00000000000000     
   1.00000000000000     
   1.00000000000000     
   1.00000000000000     
   1.00000000000000     
   1.00000000000000     
   1.00000000000000     
   1.00000000000000     
   1.00000000000000     
   1.00000000000000     
   1.00000000000000     
   1.00000000000000     
   1.00000000000000     
   1.00000000000000     
   1.00000000000000     
   1.00000000000000     
   1.00000000000000     
   1.00000000000000     
   1.00000000000000     
   1.00000000000000     
   1.00000000000000     
   1.00000000000000     
   1.00000000000000     
   1.00000000000000     
   1.00000000000000     
   1.00000000000000     
   1.00000000000000     
   1.00000000000000     
   1.00000000000000     
   1.00000000000000     
   1.00000000000000     
   1.00000000000000     
   1.00000000000000     
   1.00000000000000     
   1.00000000000000     
   1.00000000000000     
   1.00000000000000     
   1.00000000000000     
   1.00000000000000     
   1.00000000000000     
   1.00000000000000     
   1.00000000000000     
   1.00000000000000     
   1.00000000000000     
   1.00000000000000     
   1.00000000000000     
   1.00000000000000     
   1.00000000000000     
   1.00000000000000     
   1.00000000000000     
   1.00000000000000     
   1.00000000000000     
   1.00000000000000     
   1.00000000000000     
   1.00000000000000     
   1.00000000000000     
   1.00000000000000     
   1.00000000000000     
   1.00000000000000     
   1.00000000000000     
   1.00000000000000     
   1.00000000000000     
   1.00000000000000     
   1.00000000000000     
   1.00000000000000     
   1.00000000000000     
   1.00000000000000     
   1.00000000000000     
   1.00000000000000     
   1.00000000000000     
   1.00000000000000     
   1.00000000000000     
  0.991656608551879     
  0.960463803559329     
  0.935900437063609     
  0.908275847230923     
  0.874523318432994     
  0.828048450508353     
  0.769179321154779     
  0.717621891407370     
  0.681317744876304     
  0.656547371242929     
  0.636003845978446     
  0.607915530442672     
  0.577801950423309     
  0.549943944832994     
  0.530644636551418     
  0.519642594283815     
  0.502375083360680     
  0.491990801728226     
  0.492773424150846     
  0.492902737921985     
  0.483518400404096     
  0.468331122301066     
  0.458114641915352     
  0.451996702247729     
  0.445467410453295     
  0.435586771875952     
  0.425665810527210     
  0.414260960721687     
  0.404286310788366     
  0.389970402227934     
  0.362864625721084     
  0.332517926579665     
  0.313026859789246     
  0.298478206623504     
  0.280143572190861     
  0.265285446372058     
  0.253335660324785     
  0.240096825021882     
  0.229238956760598     
  0.223538190992531     
  0.220757844967815     
  0.222746531746442     
  0.224066267217312     
  0.218250887863312     
  0.204358181745793     
  0.179971806099824     
  0.149104143686376     
  0.124309272462342     
  0.111148084624855     
  0.100705789225267     
  8.920027409364402E-002
  7.782397391947334E-002
  6.513934392321251E-002
  5.477346428089169E-002
  5.483933482870975E-002
  6.187711055431983E-002
  6.122660275471105E-002
  5.561511215163847E-002
  4.939393845182359E-002
  4.678882946450209E-002
  5.053898594450804E-002
  5.762060376758214E-002
  6.218137773029187E-002
  6.087029667408991E-002
  5.588723798596090E-002
  5.110304630186076E-002
  4.974745628481693E-002
  4.963300425828281E-002
  4.400915943709982E-002
  3.462807395825461E-002
  3.031704146945195E-002
  3.492798442303136E-002
  4.146385472830068E-002
  4.371576361248298E-002
  4.195043588124928E-002
  3.619883097374133E-002
  3.060240880576941E-002
  2.667833136779577E-002
  2.686065145067359E-002
  3.691890235926783E-002
  4.555462034756862E-002
  4.711874131253972E-002
  4.366020103753458E-002
  3.689447356407632E-002
  2.936945897603619E-002
  2.375088091194197E-002
  2.022212986186696E-002
  1.912607449041336E-002
  2.251093939522196E-002
  3.166811941763368E-002
  4.310676231041954E-002
  4.903498361983367E-002
  5.298685536656801E-002
  5.511871787519795E-002
  5.366400387177676E-002
  5.118559596525567E-002
  4.891207752807234E-002
  4.589662645115232E-002
  4.511299707170059E-002
  4.753700472691521E-002
  4.591002114252628E-002
  3.686392539894128E-002
  2.698047792106026E-002
  1.951356309370211E-002
  1.540572946363133E-002
  1.903233913548720E-002
  2.744771244040008E-002
  3.909973372572942E-002
  6.125566256709779E-002
  8.020662688966926E-002
  8.584520654608398E-002
  8.628773132295922E-002
  9.075776826172283E-002
  9.799906759416580E-002
  0.102573403312806     
  0.103476856405484     
  9.761382499772926E-002
  9.183441950428170E-002
  9.396256667346606E-002
  0.100967886169556     
  0.108517679515401     
  0.112341671280044     
  0.113980698487378     
  0.117523712601290     
  0.119733346734235     
  0.113869963758596     
  0.108281445847098     
  0.110686676266449     
  0.110561765014923     
  0.116534207260971     
  0.126603760034890     
  0.128769496107185     
  0.128415351758100     
  0.128764998376955     
  0.127170788847241     
  0.125837637702352     
  0.135734166607191     
  0.147795728369317     
  0.150596333700475     
  0.147084661588248     
  0.139105348974647     
  0.129627213322194     
  0.118258384408332     
  0.111052825616850     
  0.110006902427283     
  0.113018094542195     
  0.120614089379595     
  0.123504695158922     
  0.122291380846119     
  0.124845854529641     
  0.128008480630526     
  0.130664326084107     
  0.138418170347820     
  0.146976716507775     
  0.150567602552567     
  0.162147947871605     
  0.176935063183320     
  0.179154552248905     
  0.177906484956255     
  0.176295505831563     
  0.169357119724556     
  0.168508677929180     
  0.182370322659877     
  0.201304379007905     
  0.217861228436495     
  0.232831395002644     
  0.246131017935989     
  0.251907446743375     
  0.252038824060115     
  0.256547250135874     
  0.278708798210172     
  0.302156382437897     
  0.306488503719503     
  0.303193291925361     
  0.299371448213443     
  0.294108984031476     
  0.287392228483349     
  0.283249294863687     
  0.288082996879446     
  0.296860788711567     
  0.310128760718666     
  0.323858417619057     
  0.330772779495449     
  0.349032119632764     
  0.376884152316689     
  0.407049903264613     
  0.435468526579176     
  0.447561436299653     
  0.460016362946378     
  0.483288679521959     
  0.502621867854820     
  0.528892283312002     
  0.557158236047614     
  0.573601286084355     
  0.579170972765271     
  0.573719068178717     
  0.578151710784607     
  0.599642393984347     
  0.627218952015886     
  0.653765419144470     
  0.680604579245543     
  0.713048928259687     
  0.752397558129125     
  0.794462143327231     
  0.830683771231315     
  0.855570295874792     
  0.880019511257469     
  0.914928583330698     
  0.961594404392579     
   1.00000000000000     
   1.00000000000000     
   1.00000000000000     
   1.00000000000000     
   1.00000000000000     
   1.00000000000000     
   1.00000000000000     
   1.00000000000000     
   1.00000000000000     
   1.00000000000000     
   1.00000000000000     
   1.00000000000000     
   1.00000000000000     
   1.00000000000000     
   1.00000000000000     
   1.00000000000000     
   1.00000000000000     
   1.00000000000000     
   1.00000000000000     
   1.00000000000000     
   1.00000000000000     
   1.00000000000000     
   1.00000000000000     
   1.00000000000000     
   1.00000000000000     
   1.00000000000000     
   1.00000000000000     
   1.00000000000000     
   1.00000000000000     
   1.00000000000000     
   1.00000000000000     
   1.00000000000000     
   1.00000000000000     
   1.00000000000000     
   1.00000000000000     
   1.00000000000000     
   1.00000000000000     
   1.00000000000000     
   1.00000000000000     
   1.00000000000000     
   1.00000000000000     
   1.00000000000000     
   1.00000000000000     
   1.00000000000000     
   1.00000000000000     
   1.00000000000000     
   1.00000000000000     
   1.00000000000000     
   1.00000000000000     
   1.00000000000000     
   1.00000000000000     
   1.00000000000000     
   1.00000000000000     
   1.00000000000000     
   1.00000000000000     
   1.00000000000000     
   1.00000000000000     
   1.00000000000000     
   1.00000000000000     
   1.00000000000000     
   1.00000000000000     
   1.00000000000000     
   1.00000000000000     
   1.00000000000000     
   1.00000000000000     
   1.00000000000000     
   1.00000000000000     
   1.00000000000000     
   1.00000000000000     
   1.00000000000000     
   1.00000000000000     
   1.00000000000000     
   1.00000000000000     
   1.00000000000000     
   1.00000000000000     
   1.00000000000000     
   1.00000000000000     
   1.00000000000000     
   1.00000000000000     
   1.00000000000000     
   1.00000000000000     
   1.00000000000000     
   1.00000000000000     
   1.00000000000000     
   1.00000000000000     
   1.00000000000000     
   1.00000000000000     
   1.00000000000000     
   1.00000000000000     
   1.00000000000000     
   1.00000000000000     
   1.00000000000000     
   1.00000000000000     
   1.00000000000000     
   1.00000000000000     
   1.00000000000000     
   1.00000000000000     
   1.00000000000000     
   1.00000000000000     
   1.00000000000000     
   1.00000000000000     
   1.00000000000000     
   1.00000000000000     
   1.00000000000000     
   1.00000000000000     
   1.00000000000000     
   1.00000000000000     
   1.00000000000000     
   1.00000000000000     
   1.00000000000000     
   1.00000000000000     
   1.00000000000000     
   1.00000000000000     
   1.00000000000000     
   1.00000000000000     
   1.00000000000000     
   1.00000000000000     
   1.00000000000000     
   1.00000000000000     
   1.00000000000000     
   1.00000000000000     
   1.00000000000000     
   1.00000000000000     
   1.00000000000000     
   1.00000000000000     
   1.00000000000000     
   1.00000000000000     
   1.00000000000000     
   1.00000000000000     
   1.00000000000000     
   1.00000000000000     
   1.00000000000000     
   1.00000000000000     
   1.00000000000000     
   1.00000000000000     
   1.00000000000000     
   1.00000000000000     
   1.00000000000000     
   1.00000000000000     
   1.00000000000000     
   1.00000000000000     
   1.00000000000000     
   1.00000000000000     
   1.00000000000000     
   1.00000000000000     
   1.00000000000000     
   1.00000000000000     
   1.00000000000000     
   1.00000000000000     
   1.00000000000000     
   1.00000000000000     
   1.00000000000000     
   1.00000000000000     
   1.00000000000000     
   1.00000000000000     
   1.00000000000000     
   1.00000000000000     
   1.00000000000000     
   1.00000000000000     
   1.00000000000000     
   1.00000000000000     
   1.00000000000000     
   1.00000000000000     
   1.00000000000000     
   1.00000000000000     
   1.00000000000000     
   1.00000000000000     
   1.00000000000000     
   1.00000000000000     
   1.00000000000000     
   1.00000000000000     
   1.00000000000000     
   1.00000000000000     
   1.00000000000000     
  0.977339875359885     
  0.949424312776172     
  0.923482302287212     
  0.909281459046909     
  0.906984666592696     
  0.901105828913919     
  0.887911946819831     
  0.863367738681303     
  0.830943790853145     
  0.798244874378283     
  0.769072039684736     
  0.746927157762742     
  0.729706235338544     
  0.714353277357231     
  0.701107770588466     
  0.686147130959537     
  0.672818628576099     
  0.665323601986548     
  0.659059245937613     
  0.641114837505597     
  0.609934407784048     
  0.575830078793956     
  0.553608832145368     
  0.542339363445480     
  0.522130982518601     
  0.490238740235808     
  0.451438009237680     
  0.411031140496078     
  0.374557304705752     
  0.344120588995320     
  0.322683031202126     
  0.301677746216482     
  0.281496518295058     
  0.267740229739402     
  0.242834571849576     
  0.213490341223284     
  0.194447934736669     
  0.189590049025649     
  0.191283479770018     
  0.182004483217405     
  0.160913026384551     
  0.131785275365153     
  0.108050300523090     
  9.853073768041716E-002
  8.695858750232849E-002
  7.230678735213422E-002
  5.802808499815771E-002
  5.495228439996940E-002
  7.191416657161157E-002
  7.967238402079417E-002
  8.228565341335990E-002
  8.482936059925257E-002
  7.629077927206401E-002
  6.135338488954293E-002
  4.797250810309288E-002
  3.954203705964886E-002
  3.646262966726910E-002
  3.370681503823962E-002
  3.743754362928828E-002
  3.931208602733666E-002
  3.252572865125841E-002
  2.943890446187125E-002
  3.545435140748803E-002
  4.054009878341244E-002
  4.071406657589683E-002
  4.678837263843755E-002
  5.309298690729124E-002
  4.975295903825534E-002
  5.005959929699638E-002
  5.568358198069383E-002
  5.526972096087208E-002
  5.079057172780663E-002
  4.439406269459996E-002
  3.935029483485358E-002
  3.602319217107190E-002
  3.641467389833222E-002
  4.379673736310112E-002
  4.986924558503611E-002
  4.671405995916721E-002
  4.042719797973040E-002
  4.253882528795939E-002
  4.587921585812791E-002
  4.572024989354196E-002
  4.732960793953740E-002
  4.628242530018451E-002
  4.482212674045353E-002
  4.581587651282472E-002
  4.456049046471587E-002
  3.897763757722145E-002
  3.687658152405035E-002
  4.440189171457380E-002
  6.275313180372134E-002
  8.122292777317310E-002
  8.532801410268767E-002
  7.844647423730812E-002
  6.778874217460308E-002
  5.917349370581158E-002
  5.008382168947099E-002
  4.106006420337040E-002
  4.514657578014723E-002
  6.584134554448944E-002
  9.135287299578990E-002
  0.109686912596279     
  0.114488701532254     
  0.111877892573722     
  0.106228496947950     
  9.825049497586792E-002
  9.127114836908740E-002
  9.452708406937446E-002
  0.103561212239835     
  0.107064796584867     
  0.106443828182279     
  0.101697433602655     
  9.471743205621576E-002
  9.115568846660470E-002
  9.110888214683069E-002
  0.102935833805380     
  0.126576337721406     
  0.139104551412350     
  0.139798345185691     
  0.133899283115899     
  0.124591846063128     
  0.116182761029523     
  0.105442256481866     
  8.911227258938680E-002
  7.351874299328517E-002
  6.853138614760419E-002
  6.725139905607813E-002
  6.448274529935591E-002
  6.559647057944208E-002
  7.420904020197733E-002
  9.441538309944460E-002
  0.113949994135425     
  0.130766204959936     
  0.150821317027065     
  0.169572373113086     
  0.186160553439758     
  0.202182298799203     
  0.212570702378739     
  0.217347197251804     
  0.222612151649518     
  0.231586786996763     
  0.243005327032030     
  0.255784568033176     
  0.267419295214313     
  0.274705418579109     
  0.278959686489218     
  0.280461384299016     
  0.279511236394373     
  0.277459419280321     
  0.278407796039411     
  0.280591878491783     
  0.280705296232933     
  0.277290542953949     
  0.272368118509856     
  0.275118173801037     
  0.287062636809880     
  0.305820130348788     
  0.326854482242331     
  0.338246078505673     
  0.336943592671401     
  0.333740410158648     
  0.335096803109902     
  0.344031659533634     
  0.365324764605083     
  0.392116339290151     
  0.409264548441012     
  0.430578080854558     
  0.461620876365555     
  0.481074248068257     
  0.488798328097925     
  0.487777816090199     
  0.480259443239170     
  0.473546483771692     
  0.477414445096573     
  0.492743107221225     
  0.508587264869022     
  0.521850922895510     
  0.537667534024381     
  0.562562456077925     
  0.581831038708859     
  0.591974805071865     
  0.615192799468387     
  0.649784057398040     
  0.678735593895717     
  0.701856517672575     
  0.732874725661159     
  0.769324393961749     
  0.791573179852777     
  0.793095457216263     
  0.791110214668179     
  0.791221425055389     
  0.789422443801496     
  0.804693413774052     
  0.836360062760991     
  0.857635785258240     
  0.865764354250049     
  0.875747071286461     
  0.884487674276256     
  0.893543357712186     
  0.914284286490148     
  0.935109220504453     
  0.944545904121147     
  0.944218747706653     
  0.945345520818892     
  0.972043386475975     
   1.00000000000000     
   1.00000000000000     
   1.00000000000000     
